--- Available filters and text transformations: colorize, debug, default, direct, esp32_exception_decoder, hexlify, log2file, nocontrol, printable, send_on_enter, time
--- More details at http://bit.ly/pio-monitor-filters
--- Miniterm on /dev/cu.usbserial-A152D736FA  115200,8,N,1 ---
--- Quit: Ctrl+C | Menu: Ctrl+T | Help: Ctrl+T followed by Ctrl+H ---
$GNRMC,054742.00,A,3455.84659,S,13838.66485,E,0.109,,020521,,,A*76
$GNVTG,,T,,M,0.109,N,0.202,K,A*35
$GNGGA,054742.00,3455.84659,S,13838.66485,E,1,05,1.26,73.6,M,-3.5,M,,*7F
$GNGSA,A,3,03,16,22,06,,,,,,,,,2.84,1.26,2.54*16
$GNGSA,A,3,71,,,,,,,,,,,,2.84,1.26,2.54*12
$GPGSV,3,1,11,01,01,354,18,02,05,222,,03,55,026,30,04,62,146,17*74
$GPGSV,3,2,11,06,23,252,27,07,42,300,18,09,54,220,21,16,40,099,25*7B
$GPGSV,3,3,11,22,25,028,27,26,27,126,20,30,05,306,16*43
$GLGSV,3,1,09,70,44,079,,71,61,174,25,72,20,219,,73,80,089,*63
$GLGSV,3,2,09,74,40,341,,80,32,147,,86,00,293,,87,07,234,*6C
$GLGSV,3,3,09,88,00,199,16*5A
$GNGLL,3455.84659,S,13838.66485,E,054742.00,A,A*63
$GNRMC,054743.00,A,3455.84772,S,13838.66596,E,0.429,,020521,,,A*7B
$PUBX,40,GLL,0,0,0,0,0,0*5C
$PUBX,40,GSV,0,0,0,0,0,0*59
$PUBX,40,GSA,0,0,0,0,0,0*4E
$PUBX,40,VTG,0,0,0,0,0,0*5E

$GNVTG,,T,,M,0.429,N,0.795,K,A*39
$GNGGA,054743.00,3455.84772,S,13838.66596,E,1,05,1.26,69.2,M,-3.5,M,,*7A
$GNGSA,A,3,03,16,22,06,,,,,,,,,2.84,1.26,2.54*16
$GNGSA,A,3,71,,,,,,,,,,,,2.84,1.26,2.54*12
$GPGSV,3,1,11,01,01,354,14,02,05,222,,03,55,026,29,04,62,146,15*72
$GPGSV,3,2,11,06,23,252,26,07,42,300,14,09,54,220,17,16,40,099,23*75
$GPGSV,3,3,11,22,25,028,26,26,27,126,17,30,05,306,13*43
$GLGSV,3,1,09,70,44,079,21,71,61,174,22,72,20,219,,73,80,089,*67
$GLGSV,3,2,09,74,40,341,,80,32,147,,86,00,293,19,87,07,234,*64
$GLGSV,3,3,09,88,00,199,*5D
$GNGLL,3455.84772,S,13838.66596,E,054743.00,A,A*69
$GNRMC,054744.00,A,3455.84876,S,13838.66673,E,1.275,,020521,,,A*71
$GNGGA,054744.00,3455.84876,S,13838.66673,E,1,05,1.26,67.5,M,-3.5,M,,*77
$GNRMC,054745.00,A,3455.84921,S,13838.66687,E,0.046,,020521,,,A*7B
$GNGGA,054745.00,3455.84921,S,13838.66687,E,1,05,1.27,66.4,M,-3.5,M,,*7F
$GNRMC,054746.00,A,3455.84977,S,13838.66657,E,0.956,,020521,,,A*7E
$GNGGA,054746.00,3455.84977,S,13838.66657,E,1,04,1.39,67.2,M,-3.5,M,,*7B
$GNRMC,054747.00,A,3455.85095,S,13838.66667,E,0.815,,020521,,,A*7E
$GNGGA,054747.00,3455.85095,S,13838.66667,E,1,05,1.14,68.9,M,-3.5,M,,*77
$GNRMC,054748.00,A,3455.85139,S,13838.66661,E,0.939,,020521,,,A*7F
[E][sd_diskio.cpp:194] sdCommand(): Card Failed! cmd: 0x00
[E][sd_diskio.cpp:775] sdcard_mount(): f_mount failed: (3) The physical drive cannot work
[E][sd_diskio.cpp:194] sdCommand(): Card Failed! cmd: 0x00
initialization failed!